Determining if the pthread_create exist failed with the following output:
Change Dir: /home/parallels/Desktop/ROS_workspace/build/CMakeFiles/CMakeTmp

Run Build Command:/usr/bin/make "cmTryCompileExec4140497702/fast"
/usr/bin/make -f CMakeFiles/cmTryCompileExec4140497702.dir/build.make CMakeFiles/cmTryCompileExec4140497702.dir/build
make[1]: Entering directory `/home/parallels/Desktop/ROS_workspace/build/CMakeFiles/CMakeTmp'
/usr/bin/cmake -E cmake_progress_report /home/parallels/Desktop/ROS_workspace/build/CMakeFiles/CMakeTmp/CMakeFiles 1
Building C object CMakeFiles/cmTryCompileExec4140497702.dir/CheckSymbolExists.c.o
/usr/bin/cc    -o CMakeFiles/cmTryCompileExec4140497702.dir/CheckSymbolExists.c.o   -c /home/parallels/Desktop/ROS_workspace/build/CMakeFiles/CMakeTmp/CheckSymbolExists.c
Linking C executable cmTryCompileExec4140497702
/usr/bin/cmake -E cmake_link_script CMakeFiles/cmTryCompileExec4140497702.dir/link.txt --verbose=1
/usr/bin/cc       CMakeFiles/cmTryCompileExec4140497702.dir/CheckSymbolExists.c.o  -o cmTryCompileExec4140497702 -rdynamic 
CMakeFiles/cmTryCompileExec4140497702.dir/CheckSymbolExists.c.o: In function `main':
CheckSymbolExists.c:(.text+0x16): undefined reference to `pthread_create'
collect2: error: ld returned 1 exit status
make[1]: Leaving directory `/home/parallels/Desktop/ROS_workspace/build/CMakeFiles/CMakeTmp'
make[1]: *** [cmTryCompileExec4140497702] Error 1
make: *** [cmTryCompileExec4140497702/fast] Error 2

File /home/parallels/Desktop/ROS_workspace/build/CMakeFiles/CMakeTmp/CheckSymbolExists.c:
/* */
#include <pthread.h>

int main(int argc, char** argv)
{
  (void)argv;
#ifndef pthread_create
  return ((int*)(&pthread_create))[argc];
#else
  (void)argc;
  return 0;
#endif
}

Determining if the function pthread_create exists in the pthreads failed with the following output:
Change Dir: /home/parallels/Desktop/ROS_workspace/build/CMakeFiles/CMakeTmp

Run Build Command:/usr/bin/make "cmTryCompileExec4243153618/fast"
/usr/bin/make -f CMakeFiles/cmTryCompileExec4243153618.dir/build.make CMakeFiles/cmTryCompileExec4243153618.dir/build
make[1]: Entering directory `/home/parallels/Desktop/ROS_workspace/build/CMakeFiles/CMakeTmp'
/usr/bin/cmake -E cmake_progress_report /home/parallels/Desktop/ROS_workspace/build/CMakeFiles/CMakeTmp/CMakeFiles 1
Building C object CMakeFiles/cmTryCompileExec4243153618.dir/CheckFunctionExists.c.o
/usr/bin/cc   -DCHECK_FUNCTION_EXISTS=pthread_create   -o CMakeFiles/cmTryCompileExec4243153618.dir/CheckFunctionExists.c.o   -c /usr/share/cmake-2.8/Modules/CheckFunctionExists.c
Linking C executable cmTryCompileExec4243153618
/usr/bin/cmake -E cmake_link_script CMakeFiles/cmTryCompileExec4243153618.dir/link.txt --verbose=1
/usr/bin/cc   -DCHECK_FUNCTION_EXISTS=pthread_create    CMakeFiles/cmTryCompileExec4243153618.dir/CheckFunctionExists.c.o  -o cmTryCompileExec4243153618 -rdynamic -lpthreads 
/usr/bin/ld: cannot find -lpthreads
collect2: error: ld returned 1 exit status
make[1]: Leaving directory `/home/parallels/Desktop/ROS_workspace/build/CMakeFiles/CMakeTmp'
make[1]: *** [cmTryCompileExec4243153618] Error 1
make: *** [cmTryCompileExec4243153618/fast] Error 2


